running egg_info
creating ../../build/teleop_twist_pkg/teleop_twist_pkg.egg-info
writing ../../build/teleop_twist_pkg/teleop_twist_pkg.egg-info/PKG-INFO
writing dependency_links to ../../build/teleop_twist_pkg/teleop_twist_pkg.egg-info/dependency_links.txt
writing entry points to ../../build/teleop_twist_pkg/teleop_twist_pkg.egg-info/entry_points.txt
writing requirements to ../../build/teleop_twist_pkg/teleop_twist_pkg.egg-info/requires.txt
writing top-level names to ../../build/teleop_twist_pkg/teleop_twist_pkg.egg-info/top_level.txt
writing manifest file '../../build/teleop_twist_pkg/teleop_twist_pkg.egg-info/SOURCES.txt'
reading manifest file '../../build/teleop_twist_pkg/teleop_twist_pkg.egg-info/SOURCES.txt'
writing manifest file '../../build/teleop_twist_pkg/teleop_twist_pkg.egg-info/SOURCES.txt'
running build
running build_py
creating /home/matthew/Workspaces/its_vehicle_ws/build/teleop_twist_pkg/build
creating /home/matthew/Workspaces/its_vehicle_ws/build/teleop_twist_pkg/build/lib
creating /home/matthew/Workspaces/its_vehicle_ws/build/teleop_twist_pkg/build/lib/teleop_twist_pkg
copying teleop_twist_pkg/__init__.py -> /home/matthew/Workspaces/its_vehicle_ws/build/teleop_twist_pkg/build/lib/teleop_twist_pkg
running install
running install_lib
creating /home/matthew/Workspaces/its_vehicle_ws/install/teleop_twist_pkg/lib/python3.10/site-packages/teleop_twist_pkg
copying /home/matthew/Workspaces/its_vehicle_ws/build/teleop_twist_pkg/build/lib/teleop_twist_pkg/__init__.py -> /home/matthew/Workspaces/its_vehicle_ws/install/teleop_twist_pkg/lib/python3.10/site-packages/teleop_twist_pkg
byte-compiling /home/matthew/Workspaces/its_vehicle_ws/install/teleop_twist_pkg/lib/python3.10/site-packages/teleop_twist_pkg/__init__.py to __init__.cpython-310.pyc
running install_data
creating /home/matthew/Workspaces/its_vehicle_ws/install/teleop_twist_pkg/share/ament_index
creating /home/matthew/Workspaces/its_vehicle_ws/install/teleop_twist_pkg/share/ament_index/resource_index
creating /home/matthew/Workspaces/its_vehicle_ws/install/teleop_twist_pkg/share/ament_index/resource_index/packages
copying resource/teleop_twist_pkg -> /home/matthew/Workspaces/its_vehicle_ws/install/teleop_twist_pkg/share/ament_index/resource_index/packages
copying package.xml -> /home/matthew/Workspaces/its_vehicle_ws/install/teleop_twist_pkg/share/teleop_twist_pkg
running install_egg_info
Copying ../../build/teleop_twist_pkg/teleop_twist_pkg.egg-info to /home/matthew/Workspaces/its_vehicle_ws/install/teleop_twist_pkg/lib/python3.10/site-packages/teleop_twist_pkg-0.0.0-py3.10.egg-info
running install_scripts
Installing simple_teleop script to /home/matthew/Workspaces/its_vehicle_ws/install/teleop_twist_pkg/lib/teleop_twist_pkg
writing list of installed files to '/home/matthew/Workspaces/its_vehicle_ws/build/teleop_twist_pkg/install.log'
