[0.650s] Invoking command in '/home/matthew/Workspaces/its_vehicle_ws/src/teleop_twist_pkg': PYTHONPATH=/home/matthew/Workspaces/its_vehicle_ws/build/teleop_twist_pkg/prefix_override:/home/matthew/Workspaces/its_vehicle_ws/install/teleop_twist_pkg/lib/python3.10/site-packages:${PYTHONPATH} /usr/bin/python3 -W ignore:setup.py install is deprecated setup.py egg_info --egg-base ../../build/teleop_twist_pkg build --build-base /home/matthew/Workspaces/its_vehicle_ws/build/teleop_twist_pkg/build install --record /home/matthew/Workspaces/its_vehicle_ws/build/teleop_twist_pkg/install.log --single-version-externally-managed install_data
[0.865s] running egg_info
[0.865s] creating ../../build/teleop_twist_pkg/teleop_twist_pkg.egg-info
[0.865s] writing ../../build/teleop_twist_pkg/teleop_twist_pkg.egg-info/PKG-INFO
[0.866s] writing dependency_links to ../../build/teleop_twist_pkg/teleop_twist_pkg.egg-info/dependency_links.txt
[0.866s] writing entry points to ../../build/teleop_twist_pkg/teleop_twist_pkg.egg-info/entry_points.txt
[0.866s] writing requirements to ../../build/teleop_twist_pkg/teleop_twist_pkg.egg-info/requires.txt
[0.866s] writing top-level names to ../../build/teleop_twist_pkg/teleop_twist_pkg.egg-info/top_level.txt
[0.867s] writing manifest file '../../build/teleop_twist_pkg/teleop_twist_pkg.egg-info/SOURCES.txt'
[0.868s] reading manifest file '../../build/teleop_twist_pkg/teleop_twist_pkg.egg-info/SOURCES.txt'
[0.869s] writing manifest file '../../build/teleop_twist_pkg/teleop_twist_pkg.egg-info/SOURCES.txt'
[0.869s] running build
[0.870s] running build_py
[0.870s] creating /home/matthew/Workspaces/its_vehicle_ws/build/teleop_twist_pkg/build
[0.870s] creating /home/matthew/Workspaces/its_vehicle_ws/build/teleop_twist_pkg/build/lib
[0.870s] creating /home/matthew/Workspaces/its_vehicle_ws/build/teleop_twist_pkg/build/lib/teleop_twist_pkg
[0.870s] copying teleop_twist_pkg/__init__.py -> /home/matthew/Workspaces/its_vehicle_ws/build/teleop_twist_pkg/build/lib/teleop_twist_pkg
[0.870s] running install
[0.870s] running install_lib
[0.871s] creating /home/matthew/Workspaces/its_vehicle_ws/install/teleop_twist_pkg/lib/python3.10/site-packages/teleop_twist_pkg
[0.871s] copying /home/matthew/Workspaces/its_vehicle_ws/build/teleop_twist_pkg/build/lib/teleop_twist_pkg/__init__.py -> /home/matthew/Workspaces/its_vehicle_ws/install/teleop_twist_pkg/lib/python3.10/site-packages/teleop_twist_pkg
[0.872s] byte-compiling /home/matthew/Workspaces/its_vehicle_ws/install/teleop_twist_pkg/lib/python3.10/site-packages/teleop_twist_pkg/__init__.py to __init__.cpython-310.pyc
[0.872s] running install_data
[0.872s] creating /home/matthew/Workspaces/its_vehicle_ws/install/teleop_twist_pkg/share/ament_index
[0.872s] creating /home/matthew/Workspaces/its_vehicle_ws/install/teleop_twist_pkg/share/ament_index/resource_index
[0.873s] creating /home/matthew/Workspaces/its_vehicle_ws/install/teleop_twist_pkg/share/ament_index/resource_index/packages
[0.873s] copying resource/teleop_twist_pkg -> /home/matthew/Workspaces/its_vehicle_ws/install/teleop_twist_pkg/share/ament_index/resource_index/packages
[0.873s] copying package.xml -> /home/matthew/Workspaces/its_vehicle_ws/install/teleop_twist_pkg/share/teleop_twist_pkg
[0.873s] running install_egg_info
[0.874s] Copying ../../build/teleop_twist_pkg/teleop_twist_pkg.egg-info to /home/matthew/Workspaces/its_vehicle_ws/install/teleop_twist_pkg/lib/python3.10/site-packages/teleop_twist_pkg-0.0.0-py3.10.egg-info
[0.875s] running install_scripts
[0.894s] Installing simple_teleop script to /home/matthew/Workspaces/its_vehicle_ws/install/teleop_twist_pkg/lib/teleop_twist_pkg
[0.894s] writing list of installed files to '/home/matthew/Workspaces/its_vehicle_ws/build/teleop_twist_pkg/install.log'
[0.914s] Invoked command in '/home/matthew/Workspaces/its_vehicle_ws/src/teleop_twist_pkg' returned '0': PYTHONPATH=/home/matthew/Workspaces/its_vehicle_ws/build/teleop_twist_pkg/prefix_override:/home/matthew/Workspaces/its_vehicle_ws/install/teleop_twist_pkg/lib/python3.10/site-packages:${PYTHONPATH} /usr/bin/python3 -W ignore:setup.py install is deprecated setup.py egg_info --egg-base ../../build/teleop_twist_pkg build --build-base /home/matthew/Workspaces/its_vehicle_ws/build/teleop_twist_pkg/build install --record /home/matthew/Workspaces/its_vehicle_ws/build/teleop_twist_pkg/install.log --single-version-externally-managed install_data
