[0.672s] Invoking command in '/home/matthew/Workspaces/its_vehicle_ws/src/teleop_twist_pkg': PYTHONPATH=/home/matthew/Workspaces/its_vehicle_ws/build/teleop_twist_pkg/prefix_override:/home/matthew/Workspaces/its_vehicle_ws/install/teleop_twist_pkg/lib/python3.10/site-packages:${PYTHONPATH} /usr/bin/python3 -W ignore:setup.py install is deprecated setup.py egg_info --egg-base ../../build/teleop_twist_pkg build --build-base /home/matthew/Workspaces/its_vehicle_ws/build/teleop_twist_pkg/build install --record /home/matthew/Workspaces/its_vehicle_ws/build/teleop_twist_pkg/install.log --single-version-externally-managed install_data
[0.918s] running egg_info
[0.919s] writing ../../build/teleop_twist_pkg/teleop_twist_pkg.egg-info/PKG-INFO
[0.920s] writing dependency_links to ../../build/teleop_twist_pkg/teleop_twist_pkg.egg-info/dependency_links.txt
[0.920s] writing entry points to ../../build/teleop_twist_pkg/teleop_twist_pkg.egg-info/entry_points.txt
[0.921s] writing requirements to ../../build/teleop_twist_pkg/teleop_twist_pkg.egg-info/requires.txt
[0.921s] writing top-level names to ../../build/teleop_twist_pkg/teleop_twist_pkg.egg-info/top_level.txt
[0.924s] reading manifest file '../../build/teleop_twist_pkg/teleop_twist_pkg.egg-info/SOURCES.txt'
[0.924s] writing manifest file '../../build/teleop_twist_pkg/teleop_twist_pkg.egg-info/SOURCES.txt'
[0.924s] running build
[0.924s] running build_py
[0.925s] copying teleop_twist_pkg/simple_teleop.py -> /home/matthew/Workspaces/its_vehicle_ws/build/teleop_twist_pkg/build/lib/teleop_twist_pkg
[0.926s] running install
[0.927s] running install_lib
[0.927s] copying /home/matthew/Workspaces/its_vehicle_ws/build/teleop_twist_pkg/build/lib/teleop_twist_pkg/simple_teleop.py -> /home/matthew/Workspaces/its_vehicle_ws/install/teleop_twist_pkg/lib/python3.10/site-packages/teleop_twist_pkg
[0.928s] byte-compiling /home/matthew/Workspaces/its_vehicle_ws/install/teleop_twist_pkg/lib/python3.10/site-packages/teleop_twist_pkg/simple_teleop.py to simple_teleop.cpython-310.pyc
[0.930s] running install_data
[0.930s] running install_egg_info
[0.932s] removing '/home/matthew/Workspaces/its_vehicle_ws/install/teleop_twist_pkg/lib/python3.10/site-packages/teleop_twist_pkg-0.0.0-py3.10.egg-info' (and everything under it)
[0.932s] Copying ../../build/teleop_twist_pkg/teleop_twist_pkg.egg-info to /home/matthew/Workspaces/its_vehicle_ws/install/teleop_twist_pkg/lib/python3.10/site-packages/teleop_twist_pkg-0.0.0-py3.10.egg-info
[0.933s] running install_scripts
[0.958s] Installing simple_teleop script to /home/matthew/Workspaces/its_vehicle_ws/install/teleop_twist_pkg/lib/teleop_twist_pkg
[0.958s] writing list of installed files to '/home/matthew/Workspaces/its_vehicle_ws/build/teleop_twist_pkg/install.log'
[0.983s] Invoked command in '/home/matthew/Workspaces/its_vehicle_ws/src/teleop_twist_pkg' returned '0': PYTHONPATH=/home/matthew/Workspaces/its_vehicle_ws/build/teleop_twist_pkg/prefix_override:/home/matthew/Workspaces/its_vehicle_ws/install/teleop_twist_pkg/lib/python3.10/site-packages:${PYTHONPATH} /usr/bin/python3 -W ignore:setup.py install is deprecated setup.py egg_info --egg-base ../../build/teleop_twist_pkg build --build-base /home/matthew/Workspaces/its_vehicle_ws/build/teleop_twist_pkg/build install --record /home/matthew/Workspaces/its_vehicle_ws/build/teleop_twist_pkg/install.log --single-version-externally-managed install_data
