running egg_info
writing ../../build/teleop_twist_pkg/teleop_twist_pkg.egg-info/PKG-INFO
writing dependency_links to ../../build/teleop_twist_pkg/teleop_twist_pkg.egg-info/dependency_links.txt
writing entry points to ../../build/teleop_twist_pkg/teleop_twist_pkg.egg-info/entry_points.txt
writing requirements to ../../build/teleop_twist_pkg/teleop_twist_pkg.egg-info/requires.txt
writing top-level names to ../../build/teleop_twist_pkg/teleop_twist_pkg.egg-info/top_level.txt
reading manifest file '../../build/teleop_twist_pkg/teleop_twist_pkg.egg-info/SOURCES.txt'
writing manifest file '../../build/teleop_twist_pkg/teleop_twist_pkg.egg-info/SOURCES.txt'
running build
running build_py
copying teleop_twist_pkg/simple_teleop.py -> /home/matthew/Workspaces/its_vehicle_ws/build/teleop_twist_pkg/build/lib/teleop_twist_pkg
running install
running install_lib
copying /home/matthew/Workspaces/its_vehicle_ws/build/teleop_twist_pkg/build/lib/teleop_twist_pkg/simple_teleop.py -> /home/matthew/Workspaces/its_vehicle_ws/install/teleop_twist_pkg/lib/python3.10/site-packages/teleop_twist_pkg
byte-compiling /home/matthew/Workspaces/its_vehicle_ws/install/teleop_twist_pkg/lib/python3.10/site-packages/teleop_twist_pkg/simple_teleop.py to simple_teleop.cpython-310.pyc
running install_data
running install_egg_info
removing '/home/matthew/Workspaces/its_vehicle_ws/install/teleop_twist_pkg/lib/python3.10/site-packages/teleop_twist_pkg-0.0.0-py3.10.egg-info' (and everything under it)
Copying ../../build/teleop_twist_pkg/teleop_twist_pkg.egg-info to /home/matthew/Workspaces/its_vehicle_ws/install/teleop_twist_pkg/lib/python3.10/site-packages/teleop_twist_pkg-0.0.0-py3.10.egg-info
running install_scripts
Installing simple_teleop script to /home/matthew/Workspaces/its_vehicle_ws/install/teleop_twist_pkg/lib/teleop_twist_pkg
writing list of installed files to '/home/matthew/Workspaces/its_vehicle_ws/build/teleop_twist_pkg/install.log'
